Logfile initialized
[INFO] logfile = D:\titaniumworkspace\testapp\build.log
[DEBUG] C:\Documents and Settings\Administrator\Application Data\Titanium\mobilesdk\win32\1.7.2\android\builder.py simulator testapp D:\android\android-sdk D:\titaniumworkspace\testapp com.english.testapp 5 HVGA
[INFO] Building testapp for Android ... one moment
[INFO] Titanium SDK version: 1.7.2 (07/21/11 09:36 97c3689)
[DEBUG] Waiting for device to be ready ...
[TRACE] adb devices returned 1 devices/emulators
[DEBUG] Device connected... (waited 0 seconds)
[DEBUG] waited 0.047000 seconds on emulator to get ready
[DEBUG] com.english.testapp installed? True
[INFO] Fastdev server running, deploying in Fastdev mode
[INFO] Copying project resources..
[TRACE] COPYING MODIFIED FILE: D:\titaniumworkspace\testapp\Resources\table_view.js => D:\titaniumworkspace\testapp\build\android\bin\assets\Resources\table_view.js
[INFO] Tiapp.xml unchanged, skipping class generation
[DEBUG] Processing Android resource drawables
[INFO] Waiting for SDCard to become available..
[INFO] Re-launching application ... testapp
[INFO] Launching application ... testapp
[TRACE] Launch output: Starting: Intent { act=android.intent.action.MAIN cat=[android.intent.category.LAUNCHER] cmp=com.english.testapp/.TestappActivity }
Warning: Activity not started, its current task has been brought to the front

[INFO] Relaunched testapp ... Application should be running.
